[2023-05-24 14:53:31,994] / INFO 
autoreload 
Watching for file changes with StatReloader 

[2023-05-24 14:55:11,513] / INFO 
autoreload 
Watching for file changes with StatReloader 

[2023-05-24 15:07:18,996] / INFO 
autoreload 
E:\Skillfactory\Repositories\NewsPortal\News_Portal\News_Portal\settings.py changed, reloading. 

[2023-05-24 15:13:08,701] / INFO 
autoreload 
Watching for file changes with StatReloader 

[2023-05-24 15:13:37,449] / INFO 
autoreload 
E:\Skillfactory\Repositories\NewsPortal\News_Portal\News_Portal\settings.py changed, reloading. 

[2023-05-24 15:21:18,781] / INFO 
autoreload 
Watching for file changes with StatReloader 

[2023-05-24 15:21:40,299] / INFO 
autoreload 
Watching for file changes with StatReloader 

[2023-05-24 15:23:54,468] / INFO 
autoreload 
E:\Skillfactory\Repositories\NewsPortal\News_Portal\News_Portal\settings.py changed, reloading. 

[2023-05-24 15:23:55,278] / INFO 
autoreload 
Watching for file changes with StatReloader 

[2023-05-24 15:24:14,688] / INFO 
autoreload 
Watching for file changes with StatReloader 

[2023-05-24 15:25:11,920] / INFO 
autoreload 
E:\Skillfactory\Repositories\NewsPortal\News_Portal\News\models.py changed, reloading. 

[2023-05-24 15:25:12,647] / INFO 
autoreload 
Watching for file changes with StatReloader 

[2023-05-24 15:25:51,924] / INFO 
autoreload 
E:\Skillfactory\Repositories\NewsPortal\News_Portal\News\models.py changed, reloading. 

[2023-05-24 15:25:52,750] / INFO 
autoreload 
Watching for file changes with StatReloader 

[2023-05-24 15:29:27,426] / INFO 
autoreload 
E:\Skillfactory\Repositories\NewsPortal\News_Portal\News_Portal\settings.py changed, reloading. 

